************************************************************************************************************************************************
Click Service Desk Analyst
*********************Validating : Validate Submit Button*******************************
******************************Submit is Found************************************
Click Incident Button
***************************Navigate to Frame: ext-gen97********************************
Click New Incident Button
*****************************Verify Regular CustomerProfile and Priority****************************
1.Enter Name in the customer field.
2.Validate Customer Priority Values
3.Validate Customer Profile
4.Customer profile should include name, email address, phone number, and customer location (address)
Successfully Validated Regular Customer Profile,Email,Phone and Address
Manually type Hart Plaza into building list field
Building field display turns red to alert that Hart Plaza is not a valid entry
Manually type 14112 Woodward Ave. into building list field
Building address should be displayed successfully
***********************Type VDI Instructions into summary***************************
VDI instructions knowledge article should appear on the right pane
VDI instructions knowledge article is validated successfully
****************************TYPE DESCRIPTION********************************
********The category and subcategory list should appear based on the service that was selected*************
 Choose  Service: Desktop Software Services
*****************Validate the Category for this Service****************
Validating Service:Desktop Software Services
*****************Validate the SubCategory for this Service****************
********Category and Subcategory list successfully apeared based on  the service that was selected*************
Change status from active to waiting for customer and click save and enter in notes Testing and your initials. Note your incident number.
FAILED: CreatingAndModifyingIncident
org.openqa.selenium.WebDriverException: unknown error: script returns unexpected result
  (Session info: chrome=76.0.3809.100)
Build info: version: '3.141.59', revision: 'e82be7d358', time: '2018-11-14T08:25:53'
System info: host: 'AUTOBOT01', ip: '10.0.212.121', os.name: 'Windows Server 2016', os.arch: 'amd64', os.version: '10.0', java.version: '1.8.0_211'
Driver info: org.openqa.selenium.chrome.ChromeDriver
Capabilities {acceptInsecureCerts: false, browserName: chrome, browserVersion: 76.0.3809.100, chrome: {chromedriverVersion: 76.0.3809.68 (420c9498db8ce..., userDataDir: C:\Users\snukala\AppData\Lo...}, goog:chromeOptions: {debuggerAddress: localhost:51126}, javascriptEnabled: true, networkConnectionEnabled: false, pageLoadStrategy: normal, platform: XP, platformName: XP, proxy: Proxy(), setWindowRect: true, strictFileInteractability: false, timeouts: {implicit: 0, pageLoad: 300000, script: 30000}, unhandledPromptBehavior: dismiss and notify}
Session ID: 720334ed7219462edb3e04a7dd6a25cd
*** Element info: {Using=xpath, value=//button[text()='Save' and contains(@class,'x-btn-text')]}
	at sun.reflect.NativeConstructorAccessorImpl.newInstance0(Native Method)
	at sun.reflect.NativeConstructorAccessorImpl.newInstance(Unknown Source)
	at sun.reflect.DelegatingConstructorAccessorImpl.newInstance(Unknown Source)
	at java.lang.reflect.Constructor.newInstance(Unknown Source)
	at org.openqa.selenium.remote.http.W3CHttpResponseCodec.createException(W3CHttpResponseCodec.java:187)
	at org.openqa.selenium.remote.http.W3CHttpResponseCodec.decode(W3CHttpResponseCodec.java:122)
	at org.openqa.selenium.remote.http.W3CHttpResponseCodec.decode(W3CHttpResponseCodec.java:49)
	at org.openqa.selenium.remote.HttpCommandExecutor.execute(HttpCommandExecutor.java:158)
	at org.openqa.selenium.remote.service.DriverCommandExecutor.execute(DriverCommandExecutor.java:83)
	at org.openqa.selenium.remote.RemoteWebDriver.execute(RemoteWebDriver.java:552)
	at org.openqa.selenium.remote.RemoteWebDriver.findElements(RemoteWebDriver.java:353)
	at org.openqa.selenium.remote.RemoteWebDriver.findElementsByXPath(RemoteWebDriver.java:432)
	at org.openqa.selenium.By$ByXPath.findElements(By.java:348)
	at org.openqa.selenium.remote.RemoteWebDriver.findElements(RemoteWebDriver.java:311)
	at com.servicedesk.com.MainServiceDesk.VerifySaveWithSummaryandDesctiptionSecond(MainServiceDesk.java:1069)
	at com.servicedesk.com.MainServiceDesk.ValidateServiceDeskIncident(MainServiceDesk.java:927)
	at com.servicedesk.com.CreatingAndModifyingIncident.CreatingAndModifyingIncident(CreatingAndModifyingIncident.java:12)
	at sun.reflect.NativeMethodAccessorImpl.invoke0(Native Method)
	at sun.reflect.NativeMethodAccessorImpl.invoke(Unknown Source)
	at sun.reflect.DelegatingMethodAccessorImpl.invoke(Unknown Source)
	at java.lang.reflect.Method.invoke(Unknown Source)
	at org.testng.internal.MethodInvocationHelper.invokeMethod(MethodInvocationHelper.java:86)
	at org.testng.internal.Invoker.invokeMethod(Invoker.java:645)
	at org.testng.internal.Invoker.invokeTestMethod(Invoker.java:822)
	at org.testng.internal.Invoker.invokeTestMethods(Invoker.java:1130)
	at org.testng.internal.TestMethodWorker.invokeTestMethods(TestMethodWorker.java:129)
	at org.testng.internal.TestMethodWorker.run(TestMethodWorker.java:112)
	at org.testng.TestRunner.privateRun(TestRunner.java:782)
	at org.testng.TestRunner.run(TestRunner.java:632)
	at org.testng.SuiteRunner.runTest(SuiteRunner.java:366)
	at org.testng.SuiteRunner.runSequentially(SuiteRunner.java:361)
	at org.testng.SuiteRunner.privateRun(SuiteRunner.java:319)
	at org.testng.SuiteRunner.run(SuiteRunner.java:268)
	at org.testng.SuiteRunnerWorker.runSuite(SuiteRunnerWorker.java:52)
	at org.testng.SuiteRunnerWorker.run(SuiteRunnerWorker.java:86)
	at org.testng.TestNG.runSuitesSequentially(TestNG.java:1244)
	at org.testng.TestNG.runSuitesLocally(TestNG.java:1169)
	at org.testng.TestNG.run(TestNG.java:1064)
	at org.testng.remote.RemoteTestNG.run(RemoteTestNG.java:113)
	at org.testng.remote.RemoteTestNG.initAndRun(RemoteTestNG.java:206)
	at org.testng.remote.RemoteTestNG.main(RemoteTestNG.java:177)


===============================================
    Default test
    Tests run: 1, Failures: 1, Skips: 0
===============================================


===============================================
Default suite
Total tests run: 1, Failures: 1, Skips: 0
===============================================

[TestNG] Time taken by [FailedReporter passed=0 failed=0 skipped=0]: 140 ms
[TestNG] Time taken by org.testng.reporters.XMLReporter@4141d797: 47 ms
[TestNG] Time taken by org.testng.reporters.jq.Main@5f205aa: 209 ms
[TestNG] Time taken by org.testng.reporters.JUnitReportReporter@64b8f8f4: 56 ms
[TestNG] Time taken by org.testng.reporters.SuiteHTMLReporter@43556938: 306 ms
[TestNG] Time taken by org.testng.reporters.EmailableReporter2@27ddd392: 27 ms
